TestCase:	example_pn3_10RU_751frames.dcd
Set_A:		1-403
Set_B:		404-168052

0,403,404,0.982914
0,403,405,0.990272
0,87,22854,1.563617
0,166,94335,1.578328
0,256,65444,1.579338
0,278,70802,1.591507
0,288,69926,1.596291
0,47,27794,1.622461
0,86,2165,1.626358
0,87,24324,1.633962
0,167,95450,1.644246
0,247,67538,1.649423
0,326,91415,1.649536
0,3,2025,1.652643
0,287,51671,1.656490
1,403,404,0.971040
1,403,405,0.985233
1,246,67757,1.585240
1,46,94023,1.593883
1,287,67637,1.597694
1,207,28356,1.602411
1,87,24324,1.603496
1,46,115392,1.603814
1,206,46070,1.609533
1,207,49142,1.611066
1,366,51848,1.616501
1,3,93813,1.618284
1,247,67538,1.618972
1,327,71877,1.619397
1,126,23276,1.621442
2,403,404,0.969648
2,403,405,0.974339
2,207,28356,1.582407
2,46,115392,1.595452
2,206,28650,1.596304
2,47,26261,1.597878
2,126,6332,1.599301
2,207,49142,1.606834
2,3,2025,1.607485
2,287,67637,1.611487
2,3,93813,1.619751
2,327,67838,1.620520
2,87,25829,1.621199
2,126,23276,1.630165
2,206,46070,1.633428
3,403,404,0.965880
3,403,405,0.981756
3,46,115392,1.547385
3,207,28356,1.555856
3,126,23276,1.572988
3,206,46070,1.579137
3,246,67757,1.585977
3,127,1176,1.596919
3,3,2025,1.608801
3,247,67538,1.617366
3,47,26261,1.618674
3,206,28650,1.622853
3,367,70280,1.624803
3,87,22854,1.625690
3,366,51848,1.629774
4,403,404,0.968411
4,403,405,0.976307
4,246,67757,1.570908
4,206,28650,1.574093
4,46,94023,1.582555
4,3,93813,1.582839
4,287,51671,1.585706
4,207,49142,1.609391
4,286,53715,1.619820
4,87,25829,1.622530
4,327,67838,1.624990
4,166,114264,1.625372
4,87,24324,1.628401
4,46,115392,1.629850
4,126,6332,1.634284
5,403,404,0.972599
5,403,405,0.991137
5,47,27794,1.573032
5,247,67709,1.593173
5,207,49142,1.598747
5,366,70037,1.600934
5,3,93813,1.601147
5,46,115392,1.607202
5,46,94023,1.612265
5,327,71877,1.617663
5,3,2025,1.622371
5,87,25829,1.627569
5,247,67538,1.629419
5,206,28650,1.634220
5,367,69162,1.644482
6,403,404,0.963017
6,403,405,0.990354
6,126,6332,1.584288
6,87,22854,1.589326
6,87,25829,1.590032
6,167,92522,1.599405
6,246,66365,1.601641
6,167,95450,1.608715
6,286,72198,1.614636
6,87,24324,1.618529
6,366,70037,1.620531
6,326,135219,1.625047
6,287,51671,1.635082
6,4,26673,1.635405
6,287,67637,1.637711
7,403,405,0.989823
7,403,404,1.007884
7,287,67637,1.521473
7,326,135219,1.523673
7,4,2156,1.565430
7,246,67757,1.581693
7,87,25829,1.582017
7,86,20565,1.585186
7,326,153006,1.586731
7,247,67538,1.602080
7,286,53715,1.614292
7,127,24441,1.614676
7,367,70280,1.618909
7,47,27794,1.625806
7,126,6332,1.629045
8,403,405,0.971685
8,403,404,0.984143
8,247,67538,1.528893
8,47,26261,1.574229
8,287,67637,1.597340
8,326,135219,1.599275
8,127,1437,1.600305
8,127,24441,1.602007
8,3,92001,1.606297
8,327,71877,1.611220
8,4,26673,1.613030
8,326,153006,1.613263
8,246,65405,1.613985
8,167,92522,1.617265
8,166,93359,1.618029
9,403,404,0.989978
9,403,405,1.004651
9,366,70037,1.572042
9,246,67764,1.580164
9,166,114264,1.591433
9,326,91415,1.593255
9,207,46070,1.606091
9,167,95450,1.614124
9,3,92001,1.622096
9,326,135219,1.622911
9,167,92522,1.624596
9,366,67074,1.626986
9,87,24324,1.630081
9,246,65405,1.630837
9,127,1176,1.641732
10,403,405,0.967716
10,403,404,0.972010
10,167,93579,1.541297
10,166,93359,1.551072
10,206,31827,1.557499
10,207,46070,1.558792
10,247,67757,1.562555
10,246,65405,1.596902
10,27,23960,1.601063
10,326,153005,1.612280
10,367,65918,1.612820
10,86,20565,1.615682
10,326,135219,1.617209
10,287,67637,1.622796
10,126,6332,1.629404
Total time taken: 3.158277
